2314 [main] INFO  com.main.logger - SUCCESS at endpoint https://api.github.com/orgs/BoomTownROI. HTTP Status 200.
2339 [main] INFO  com.main.logger - List of BoomTownROI organization ids:
2345 [main] INFO  com.util.logger - Organization id for BoomTownROI: 1214096
2893 [main] INFO  com.main.logger - SUCCESS at endpoint https://api.github.com/orgs/BoomTownROI/repos. HTTP Status 200.
2894 [main] INFO  com.main.logger - List of repository ids:
2903 [main] INFO  com.util.logger - Repository id for BoomTownROI/gelf4net: 14281973
2904 [main] INFO  com.util.logger - Repository id for BoomTownROI/LunchRoulette: 17451538
2904 [main] INFO  com.util.logger - Repository id for BoomTownROI/boomstrap: 18638858
2904 [main] INFO  com.util.logger - Repository id for BoomTownROI/gulp-packages: 23476687
2904 [main] INFO  com.util.logger - Repository id for BoomTownROI/boomqueries: 27093894
2904 [main] INFO  com.util.logger - Repository id for BoomTownROI/boomstrap-react: 28726577
2904 [main] INFO  com.util.logger - Repository id for BoomTownROI/FAKE: 31068782
2904 [main] INFO  com.util.logger - Repository id for BoomTownROI/MemcachedSessionProvider: 31772041
2905 [main] INFO  com.util.logger - Repository id for BoomTownROI/SSASideMenu: 33127766
2905 [main] INFO  com.util.logger - Repository id for BoomTownROI/newrelic_dotnet_sdk: 35624660
2905 [main] INFO  com.util.logger - Repository id for BoomTownROI/www.leadmetadata.org: 38770961
2906 [main] INFO  com.util.logger - Repository id for BoomTownROI/analytics-swift: 39036512
2906 [main] INFO  com.util.logger - Repository id for BoomTownROI/boomsvgloader: 40253646
2906 [main] INFO  com.util.logger - Repository id for BoomTownROI/ProjectScaffold: 44127117
2906 [main] INFO  com.util.logger - Repository id for BoomTownROI/containers: 45724589
2907 [main] INFO  com.util.logger - Repository id for BoomTownROI/boom-autocomplete: 46440996
2907 [main] INFO  com.util.logger - Repository id for BoomTownROI/docker-example-1: 52370551
2907 [main] INFO  com.util.logger - Repository id for BoomTownROI/react-sublime-snippet: 59852048
2907 [main] INFO  com.util.logger - Repository id for BoomTownROI/sbt-aspectj: 61234497
2907 [main] INFO  com.util.logger - Repository id for BoomTownROI/docker-consul: 62085272
2907 [main] INFO  com.util.logger - Repository id for BoomTownROI/scala-consul: 62092167
2907 [main] INFO  com.util.logger - Repository id for BoomTownROI/FitText.js: 63701424
2908 [main] INFO  com.util.logger - Repository id for BoomTownROI/FitVids.js: 63715781
2908 [main] INFO  com.util.logger - Repository id for BoomTownROI/docker-clean: 65212979
2908 [main] INFO  com.util.logger - Repository id for BoomTownROI/flickity: 65916990
2908 [main] INFO  com.util.logger - Repository id for BoomTownROI/babel: 68637418
2908 [main] INFO  com.util.logger - Repository id for BoomTownROI/bt_iso-8601-date-formatter: 71277048
2908 [main] INFO  com.util.logger - Repository id for BoomTownROI/iOS_podspecs: 71299433
2908 [main] INFO  com.util.logger - Repository id for BoomTownROI/Kamon: 72233693
2908 [main] INFO  com.util.logger - Repository id for BoomTownROI/functional-at-boomtown: 82316860
2999 [main] INFO  com.main.logger - SUCCESS at endpoint https://api.github.com/orgs/BoomTownROI/events. HTTP Status 200.
3000 [main] INFO  com.main.logger - List of event ids:
3006 [main] INFO  com.util.logger - Event id for WatchEvent event on BoomTownROI/LetsPoint: 10427519904
3007 [main] INFO  com.util.logger - Event id for ForkEvent event on BoomTownROI/BoomTown.FuzzySharp: 10280754710
3007 [main] INFO  com.util.logger - Event id for WatchEvent event on BoomTownROI/BoomTown.FuzzySharp: 10258184183
3008 [main] INFO  com.util.logger - Event id for ForkEvent event on BoomTownROI/docker-example-1: 10247747206
3008 [main] INFO  com.util.logger - Event id for PushEvent event on BoomTownROI/LetsPoint: 10175845116
3009 [main] INFO  com.util.logger - Event id for PushEvent event on BoomTownROI/LetsPoint: 10175834853
3009 [main] INFO  com.util.logger - Event id for PushEvent event on BoomTownROI/LetsPoint: 10174678269
3010 [main] INFO  com.util.logger - Event id for PushEvent event on BoomTownROI/LetsPoint: 10174658424
3011 [main] INFO  com.util.logger - Event id for ForkEvent event on BoomTownROI/BoomTown.FuzzySharp: 10164959292
3011 [main] INFO  com.util.logger - Event id for WatchEvent event on BoomTownROI/BoomTown.FuzzySharp: 10129017652
3012 [main] INFO  com.util.logger - Event id for WatchEvent event on BoomTownROI/BoomTown.FuzzySharp: 10038780246
3012 [main] INFO  com.util.logger - Event id for ForkEvent event on BoomTownROI/BoomTown.FuzzySharp: 9963615879
3012 [main] INFO  com.util.logger - Event id for WatchEvent event on BoomTownROI/BoomTown.FuzzySharp: 9947886406
3013 [main] INFO  com.util.logger - Event id for DeleteEvent event on BoomTownROI/containers: 9900266567
3013 [main] INFO  com.util.logger - Event id for PushEvent event on BoomTownROI/containers: 9900266256
3014 [main] INFO  com.util.logger - Event id for PullRequestEvent event on BoomTownROI/containers: 9900266148
3015 [main] INFO  com.util.logger - Event id for ForkEvent event on BoomTownROI/docker-example-1: 9872557791
3067 [main] ERROR com.main.logger - ERROR: GET request not valid for endpoint: https://api.github.com/orgs/BoomTownROI/hooks, returned HTTP status code was 404
3118 [main] ERROR com.main.logger - ERROR: GET request not valid for endpoint: https://api.github.com/orgs/BoomTownROI/issues, returned HTTP status code was 404
3167 [main] ERROR com.main.logger - ERROR: GET request not valid for endpoint: https://api.github.com/orgs/BoomTownROI/members{/member}, returned HTTP status code was 404
3447 [main] ERROR com.main.logger - ERROR: GET request not valid for endpoint: https://api.github.com/orgs/BoomTownROI/public_members{/member}, returned HTTP status code was 404
3474 [main] INFO  com.main.logger - VERIFICATION SUCCESSFUL: updated_at(2019-06-06T05:24:40Z) occurs later than created_at(2011-11-22T21:48:43Z)
3923 [main] INFO  com.main.logger - VERIFICATION SUCCESSFUL: The count from public_repos(40) gotten from /orgs/BoomTownROI matches the number of repositories returned from /orgs/BoomTownROI/repos(40).
